0 info it worked if it ends with ok
1 verbose cli [ 'C:\\Program Files\\nodejs\\node.exe',
1 verbose cli   'C:\\Program Files\\nodejs\\node_modules\\npm\\bin\\npm-cli.js',
1 verbose cli   'version',
1 verbose cli   'patch' ]
2 info using npm@3.10.10
3 info using node@v6.9.5
4 info git [ 'status', '--porcelain' ]
5 verbose stack Error: Git working directory not clean.
5 verbose stack M Controls/UpDate.js.map
5 verbose stack M Controls/UpDate.tsx
5 verbose stack M Controls/UpDateTime.js.map
5 verbose stack M Controls/UpDateTime.tsx
5 verbose stack M Controls/UpFile.tsx
5 verbose stack M Controls/UpSelect2.tsx
5 verbose stack M Controls/UpStringMultiLine.tsx
5 verbose stack M package.json
5 verbose stack M tsconfig.json
5 verbose stack M up-react-control.js
5 verbose stack M up-react-control.js.map
5 verbose stack M up-react-control.ts
5 verbose stack     at C:\Program Files\nodejs\node_modules\npm\lib\version.js:247:19
5 verbose stack     at C:\Program Files\nodejs\node_modules\npm\lib\utils\no-progress-while-running.js:21:8
5 verbose stack     at ChildProcess.exithandler (child_process.js:197:7)
5 verbose stack     at emitTwo (events.js:106:13)
5 verbose stack     at ChildProcess.emit (events.js:191:7)
5 verbose stack     at maybeClose (internal/child_process.js:877:16)
5 verbose stack     at Process.ChildProcess._handle.onexit (internal/child_process.js:226:5)
6 verbose cwd C:\Users\gdt.ARCAN-SYSTEMS\Documents\GitHub\React-Control
7 error Windows_NT 10.0.14393
8 error argv "C:\\Program Files\\nodejs\\node.exe" "C:\\Program Files\\nodejs\\node_modules\\npm\\bin\\npm-cli.js" "version" "patch"
9 error node v6.9.5
10 error npm  v3.10.10
11 error Git working directory not clean.
11 error M Controls/UpDate.js.map
11 error M Controls/UpDate.tsx
11 error M Controls/UpDateTime.js.map
11 error M Controls/UpDateTime.tsx
11 error M Controls/UpFile.tsx
11 error M Controls/UpSelect2.tsx
11 error M Controls/UpStringMultiLine.tsx
11 error M package.json
11 error M tsconfig.json
11 error M up-react-control.js
11 error M up-react-control.js.map
11 error M up-react-control.ts
12 error If you need help, you may report this error at:
12 error     <https://github.com/npm/npm/issues>
13 verbose exit [ 1, true ]
